2020-12-07 09:16:10.968 INFO [restartedMain]cn.leslie.weChatLearn.WeChatLearnApplication.logStarting:55 -Starting WeChatLearnApplication on 为你钟情 with PID 24484 (D:\cola\idea2020.2.3\workplace_idea3\weChatLearn\weChatLearn\target\classes started by Leslie in D:\cola\idea2020.2.3\workplace_idea3\weChatLearn)
2020-12-07 09:16:10.968 INFO [restartedMain]cn.leslie.weChatLearn.WeChatLearnApplication.logStartupProfileInfo:651 -No active profile set, falling back to default profiles: default
2020-12-07 09:16:11.015 INFO [restartedMain]o.s.b.devtools.env.DevToolsPropertyDefaultsPostProcessor.logTo:225 -Devtools property defaults active! Set 'spring.devtools.add-properties' to 'false' to disable
2020-12-07 09:16:11.015 INFO [restartedMain]o.s.b.devtools.env.DevToolsPropertyDefaultsPostProcessor.logTo:225 -For additional web related logging consider setting the 'logging.level.web' property to 'DEBUG'
2020-12-07 09:16:11.802 INFO [restartedMain]o.s.d.repository.config.RepositoryConfigurationDelegate.multipleStoresDetected:249 -Multiple Spring Data modules found, entering strict repository configuration mode!
2020-12-07 09:16:11.802 INFO [restartedMain]o.s.d.repository.config.RepositoryConfigurationDelegate.registerRepositoriesIn:127 -Bootstrapping Spring Data Redis repositories in DEFAULT mode.
2020-12-07 09:16:11.836 INFO [restartedMain]o.s.d.repository.config.RepositoryConfigurationDelegate.registerRepositoriesIn:187 -Finished Spring Data repository scanning in 12ms. Found 0 Redis repository interfaces.
2020-12-07 09:16:12.231 INFO [restartedMain]o.s.boot.web.embedded.tomcat.TomcatWebServer.initialize:108 -Tomcat initialized with port(s): 8088 (http)
2020-12-07 09:16:12.241 INFO [restartedMain]org.apache.coyote.http11.Http11NioProtocol.log:173 -Initializing ProtocolHandler ["http-nio-8088"]
2020-12-07 09:16:12.241 INFO [restartedMain]org.apache.catalina.core.StandardService.log:173 -Starting service [Tomcat]
2020-12-07 09:16:12.241 INFO [restartedMain]org.apache.catalina.core.StandardEngine.log:173 -Starting Servlet engine: [Apache Tomcat/9.0.39]
2020-12-07 09:16:12.310 INFO [restartedMain]o.a.catalina.core.ContainerBase.[Tomcat].[localhost].[/].log:173 -Initializing Spring embedded WebApplicationContext
2020-12-07 09:16:12.310 INFO [restartedMain]o.s.b.w.s.context.ServletWebServerApplicationContext.prepareWebApplicationContext:285 -Root WebApplicationContext: initialization completed in 1288 ms
2020-12-07 09:16:12.762 INFO [restartedMain]o.s.scheduling.concurrent.ThreadPoolTaskExecutor.initialize:181 -Initializing ExecutorService 'applicationTaskExecutor'
2020-12-07 09:16:13.157 INFO [restartedMain]o.s.boot.devtools.autoconfigure.OptionalLiveReloadServer.startServer:58 -LiveReload server is running on port 35729
2020-12-07 09:16:13.163 INFO [restartedMain]org.apache.coyote.http11.Http11NioProtocol.log:173 -Starting ProtocolHandler ["http-nio-8088"]
2020-12-07 09:16:13.179 INFO [restartedMain]o.s.boot.web.embedded.tomcat.TomcatWebServer.start:220 -Tomcat started on port(s): 8088 (http) with context path ''
2020-12-07 09:16:13.195 INFO [restartedMain]cn.leslie.weChatLearn.WeChatLearnApplication.logStarted:61 -Started WeChatLearnApplication in 2.643 seconds (JVM running for 5.127)
2020-12-07 09:16:21.678 INFO [http-nio-8088-exec-4]o.a.catalina.core.ContainerBase.[Tomcat].[localhost].[/].log:173 -Initializing Spring DispatcherServlet 'dispatcherServlet'
2020-12-07 09:16:21.680 INFO [http-nio-8088-exec-4]org.springframework.web.servlet.DispatcherServlet.initServletBean:525 -Initializing Servlet 'dispatcherServlet'
2020-12-07 09:16:21.684 INFO [http-nio-8088-exec-4]org.springframework.web.servlet.DispatcherServlet.initServletBean:547 -Completed initialization in 4 ms
2020-12-07 09:16:21.786 INFO [http-nio-8088-exec-4]com.alibaba.druid.pool.DruidDataSource.init:985 -{dataSource-1} inited
2020-12-07 09:16:28.555 INFO [http-nio-8088-exec-3]dataLogger.findById:29 -module=video`api=findById
2020-12-07 09:16:28.575 WARN [http-nio-8088-exec-3]o.s.w.s.m.m.annotation.ExceptionHandlerExceptionResolver.logException:199 -Resolved [java.lang.NullPointerException]
2020-12-07 09:17:49.192 INFO [http-nio-8088-exec-1]dataLogger.findById:29 -module=video`api=findById
2020-12-07 09:17:49.214 WARN [http-nio-8088-exec-1]o.s.w.s.m.m.annotation.ExceptionHandlerExceptionResolver.logException:199 -Resolved [java.lang.NullPointerException]
2020-12-07 09:18:24.491 INFO [http-nio-8088-exec-4]dataLogger.findById:29 -module=video`api=findById
2020-12-07 09:18:24.502 WARN [http-nio-8088-exec-4]o.s.w.s.m.m.annotation.ExceptionHandlerExceptionResolver.logException:199 -Resolved [java.lang.NullPointerException]
